{"/Users/kev/Desktop/fan'sWorld Project/Back/src/app.controller.ts": {"path":"/Users/kev/Desktop/fan'sWorld Project/Back/src/app.controller.ts","statementMap":{"0":{"start":{"line":1,"column":0},"end":{"line":1,"column":49}},"1":{"start":{"line":2,"column":0},"end":{"line":2,"column":43}},"2":{"start":{"line":5,"column":7},"end":{"line":12,"column":null}},"3":{"start":{"line":6,"column":31},"end":{"line":6,"column":43}},"4":{"start":{"line":10,"column":4},"end":{"line":10,"column":38}},"5":{"start":{"line":5,"column":13},"end":{"line":5,"column":26}},"6":{"start":{"line":9,"column":2},"end":{"line":11,"column":null}},"7":{"start":{"line":5,"column":13},"end":{"line":12,"column":null}}},"fnMap":{"0":{"name":"(anonymous_2)","decl":{"start":{"line":6,"column":2},"end":{"line":6,"column":31}},"loc":{"start":{"line":6,"column":53},"end":{"line":6,"column":57}}},"1":{"name":"(anonymous_3)","decl":{"start":{"line":9,"column":2},"end":{"line":9,"column":10}},"loc":{"start":{"line":9,"column":10},"end":{"line":11,"column":3}}}},"branchMap":{},"s":{"0":1,"1":1,"2":1,"3":1,"4":1,"5":1,"6":1,"7":1},"f":{"0":1,"1":1},"b":{}}
,"/Users/kev/Desktop/fan'sWorld Project/Back/src/app.service.ts": {"path":"/Users/kev/Desktop/fan'sWorld Project/Back/src/app.service.ts","statementMap":{"0":{"start":{"line":1,"column":0},"end":{"line":1,"column":44}},"1":{"start":{"line":4,"column":7},"end":{"line":8,"column":null}},"2":{"start":{"line":6,"column":4},"end":{"line":6,"column":26}},"3":{"start":{"line":4,"column":13},"end":{"line":4,"column":23}},"4":{"start":{"line":4,"column":13},"end":{"line":8,"column":null}}},"fnMap":{"0":{"name":"(anonymous_1)","decl":{"start":{"line":5,"column":2},"end":{"line":5,"column":10}},"loc":{"start":{"line":5,"column":10},"end":{"line":7,"column":3}}}},"branchMap":{},"s":{"0":1,"1":1,"2":1,"3":1,"4":1},"f":{"0":1},"b":{}}
,"/Users/kev/Desktop/fan'sWorld Project/Back/src/clubs/clubs.controller.ts": {"path":"/Users/kev/Desktop/fan'sWorld Project/Back/src/clubs/clubs.controller.ts","statementMap":{"0":{"start":{"line":1,"column":0},"end":{"line":1,"column":44}},"1":{"start":{"line":4,"column":7},"end":{"line":4,"column":null}},"2":{"start":{"line":4,"column":13},"end":{"line":4,"column":28}},"3":{"start":{"line":4,"column":13},"end":{"line":4,"column":null}}},"fnMap":{},"branchMap":{},"s":{"0":1,"1":1,"2":1,"3":1},"f":{},"b":{}}
,"/Users/kev/Desktop/fan'sWorld Project/Back/src/clubs/clubs.service.ts": {"path":"/Users/kev/Desktop/fan'sWorld Project/Back/src/clubs/clubs.service.ts","statementMap":{"0":{"start":{"line":1,"column":0},"end":{"line":1,"column":44}},"1":{"start":{"line":4,"column":7},"end":{"line":4,"column":null}},"2":{"start":{"line":4,"column":13},"end":{"line":4,"column":25}},"3":{"start":{"line":4,"column":13},"end":{"line":4,"column":null}}},"fnMap":{},"branchMap":{},"s":{"0":1,"1":1,"2":1,"3":1},"f":{},"b":{}}
,"/Users/kev/Desktop/fan'sWorld Project/Back/src/core/auth/creator/creator.guard.ts": {"path":"/Users/kev/Desktop/fan'sWorld Project/Back/src/core/auth/creator/creator.guard.ts","statementMap":{"0":{"start":{"line":1,"column":0},"end":{"line":1,"column":null}},"1":{"start":{"line":9,"column":0},"end":{"line":9,"column":41}},"2":{"start":{"line":13,"column":7},"end":{"line":45,"column":null}},"3":{"start":{"line":15,"column":21},"end":{"line":15,"column":29}},"4":{"start":{"line":16,"column":36},"end":{"line":16,"column":52}},"5":{"start":{"line":17,"column":12},"end":{"line":17,"column":23}},"6":{"start":{"line":19,"column":4},"end":{"line":19,"column":54}},"7":{"start":{"line":23,"column":16},"end":{"line":23,"column":51}},"8":{"start":{"line":25,"column":4},"end":{"line":27,"column":5}},"9":{"start":{"line":26,"column":6},"end":{"line":26,"column":62}},"10":{"start":{"line":29,"column":19},"end":{"line":29,"column":33}},"11":{"start":{"line":31,"column":19},"end":{"line":31,"column":32}},"12":{"start":{"line":32,"column":17},"end":{"line":32,"column":49}},"13":{"start":{"line":33,"column":21},"end":{"line":35,"column":null}},"14":{"start":{"line":37,"column":22},"end":{"line":37,"column":39}},"15":{"start":{"line":39,"column":4},"end":{"line":41,"column":5}},"16":{"start":{"line":40,"column":6},"end":{"line":40,"column":18}},"17":{"start":{"line":43,"column":4},"end":{"line":43,"column":17}},"18":{"start":{"line":13,"column":13},"end":{"line":13,"column":25}},"19":{"start":{"line":13,"column":13},"end":{"line":45,"column":null}}},"fnMap":{"0":{"name":"(anonymous_4)","decl":{"start":{"line":14,"column":2},"end":{"line":14,"column":null}},"loc":{"start":{"line":17,"column":32},"end":{"line":20,"column":3}}},"1":{"name":"(anonymous_5)","decl":{"start":{"line":22,"column":2},"end":{"line":22,"column":7}},"loc":{"start":{"line":22,"column":45},"end":{"line":44,"column":3}}}},"branchMap":{"0":{"loc":{"start":{"line":25,"column":4},"end":{"line":27,"column":5}},"type":"if","locations":[{"start":{"line":25,"column":4},"end":{"line":27,"column":5}}]},"1":{"loc":{"start":{"line":39,"column":4},"end":{"line":41,"column":5}},"type":"if","locations":[{"start":{"line":39,"column":4},"end":{"line":41,"column":5}}]}},"s":{"0":1,"1":1,"2":1,"3":1,"4":1,"5":1,"6":1,"7":3,"8":3,"9":1,"10":2,"11":2,"12":2,"13":2,"14":2,"15":2,"16":1,"17":1,"18":1,"19":1},"f":{"0":1,"1":3},"b":{"0":[1],"1":[1]}}
,"/Users/kev/Desktop/fan'sWorld Project/Back/src/core/auth/logged/logged.guard.ts": {"path":"/Users/kev/Desktop/fan'sWorld Project/Back/src/core/auth/logged/logged.guard.ts","statementMap":{"0":{"start":{"line":1,"column":0},"end":{"line":1,"column":null}},"1":{"start":{"line":9,"column":0},"end":{"line":9,"column":68}},"2":{"start":{"line":12,"column":7},"end":{"line":32,"column":null}},"3":{"start":{"line":14,"column":21},"end":{"line":14,"column":29}},"4":{"start":{"line":15,"column":21},"end":{"line":15,"column":36}},"5":{"start":{"line":19,"column":20},"end":{"line":19,"column":55}},"6":{"start":{"line":20,"column":17},"end":{"line":20,"column":46}},"7":{"start":{"line":21,"column":4},"end":{"line":23,"column":5}},"8":{"start":{"line":22,"column":6},"end":{"line":22,"column":72}},"9":{"start":{"line":24,"column":18},"end":{"line":24,"column":36}},"10":{"start":{"line":25,"column":4},"end":{"line":30,"column":5}},"11":{"start":{"line":26,"column":6},"end":{"line":26,"column":68}},"12":{"start":{"line":27,"column":6},"end":{"line":27,"column":18}},"13":{"start":{"line":29,"column":6},"end":{"line":29,"column":52}},"14":{"start":{"line":12,"column":13},"end":{"line":12,"column":24}},"15":{"start":{"line":12,"column":13},"end":{"line":32,"column":null}}},"fnMap":{"0":{"name":"(anonymous_2)","decl":{"start":{"line":13,"column":2},"end":{"line":13,"column":null}},"loc":{"start":{"line":15,"column":49},"end":{"line":16,"column":6}}},"1":{"name":"(anonymous_3)","decl":{"start":{"line":18,"column":2},"end":{"line":18,"column":7}},"loc":{"start":{"line":18,"column":45},"end":{"line":31,"column":3}}}},"branchMap":{"0":{"loc":{"start":{"line":21,"column":4},"end":{"line":23,"column":5}},"type":"if","locations":[{"start":{"line":21,"column":4},"end":{"line":23,"column":5}}]}},"s":{"0":2,"1":2,"2":2,"3":1,"4":1,"5":3,"6":3,"7":3,"8":1,"9":2,"10":2,"11":2,"12":1,"13":1,"14":2,"15":2},"f":{"0":1,"1":3},"b":{"0":[1]}}
,"/Users/kev/Desktop/fan'sWorld Project/Back/src/core/crypto/crypto.service.ts": {"path":"/Users/kev/Desktop/fan'sWorld Project/Back/src/core/crypto/crypto.service.ts","statementMap":{"0":{"start":{"line":1,"column":0},"end":{"line":1,"column":44}},"1":{"start":{"line":4,"column":0},"end":{"line":4,"column":39}},"2":{"start":{"line":13,"column":7},"end":{"line":40,"column":null}},"3":{"start":{"line":18,"column":4},"end":{"line":18,"column":27}},"4":{"start":{"line":22,"column":4},"end":{"line":22,"column":32}},"5":{"start":{"line":26,"column":34},"end":{"line":26,"column":46}},"6":{"start":{"line":27,"column":4},"end":{"line":27,"column":36}},"7":{"start":{"line":28,"column":18},"end":{"line":30,"column":6}},"8":{"start":{"line":31,"column":4},"end":{"line":31,"column":32}},"9":{"start":{"line":32,"column":4},"end":{"line":32,"column":17}},"10":{"start":{"line":36,"column":4},"end":{"line":38,"column":7}},"11":{"start":{"line":13,"column":13},"end":{"line":13,"column":26}},"12":{"start":{"line":13,"column":13},"end":{"line":40,"column":null}}},"fnMap":{"0":{"name":"(anonymous_1)","decl":{"start":{"line":17,"column":2},"end":{"line":17,"column":7}},"loc":{"start":{"line":17,"column":26},"end":{"line":19,"column":3}}},"1":{"name":"(anonymous_2)","decl":{"start":{"line":21,"column":2},"end":{"line":21,"column":7}},"loc":{"start":{"line":21,"column":43},"end":{"line":23,"column":3}}},"2":{"name":"(anonymous_3)","decl":{"start":{"line":25,"column":2},"end":{"line":25,"column":7}},"loc":{"start":{"line":25,"column":49},"end":{"line":33,"column":3}}},"3":{"name":"(anonymous_4)","decl":{"start":{"line":35,"column":2},"end":{"line":35,"column":7}},"loc":{"start":{"line":35,"column":33},"end":{"line":39,"column":3}}}},"branchMap":{},"s":{"0":3,"1":3,"2":3,"3":1,"4":1,"5":2,"6":2,"7":2,"8":0,"9":0,"10":0,"11":3,"12":3},"f":{"0":1,"1":1,"2":2,"3":0},"b":{}}
,"/Users/kev/Desktop/fan'sWorld Project/Back/src/core/files/files.service.ts": {"path":"/Users/kev/Desktop/fan'sWorld Project/Back/src/core/files/files.service.ts","statementMap":{"0":{"start":{"line":1,"column":0},"end":{"line":1,"column":44}},"1":{"start":{"line":2,"column":0},"end":{"line":2,"column":75}},"2":{"start":{"line":5,"column":7},"end":{"line":29,"column":null}},"3":{"start":{"line":10,"column":20},"end":{"line":16,"column":6}},"4":{"start":{"line":20,"column":4},"end":{"line":27,"column":7}},"5":{"start":{"line":21,"column":6},"end":{"line":26,"column":26}},"6":{"start":{"line":23,"column":10},"end":{"line":23,"column":53}},"7":{"start":{"line":23,"column":32},"end":{"line":23,"column":53}},"8":{"start":{"line":24,"column":10},"end":{"line":24,"column":26}},"9":{"start":{"line":5,"column":13},"end":{"line":5,"column":25}},"10":{"start":{"line":5,"column":13},"end":{"line":29,"column":null}}},"fnMap":{"0":{"name":"(anonymous_1)","decl":{"start":{"line":6,"column":2},"end":{"line":6,"column":7}},"loc":{"start":{"line":8,"column":29},"end":{"line":28,"column":3}}},"1":{"name":"(anonymous_2)","decl":{"start":{"line":20,"column":23},"end":{"line":20,"column":24}},"loc":{"start":{"line":20,"column":43},"end":{"line":27,"column":5}}},"2":{"name":"(anonymous_3)","decl":{"start":{"line":22,"column":32},"end":{"line":22,"column":33}},"loc":{"start":{"line":22,"column":50},"end":{"line":25,"column":9}}}},"branchMap":{"0":{"loc":{"start":{"line":23,"column":10},"end":{"line":23,"column":53}},"type":"if","locations":[{"start":{"line":23,"column":10},"end":{"line":23,"column":53}}]},"1":{"loc":{"start":{"line":23,"column":14},"end":{"line":23,"column":30}},"type":"binary-expr","locations":[{"start":{"line":23,"column":14},"end":{"line":23,"column":19}},{"start":{"line":23,"column":23},"end":{"line":23,"column":30}}]}},"s":{"0":2,"1":2,"2":2,"3":2,"4":2,"5":2,"6":2,"7":1,"8":1,"9":2,"10":2},"f":{"0":2,"1":2,"2":2},"b":{"0":[1],"1":[2,1]}}
,"/Users/kev/Desktop/fan'sWorld Project/Back/src/core/logged/log.guard.ts": {"path":"/Users/kev/Desktop/fan'sWorld Project/Back/src/core/logged/log.guard.ts","statementMap":{"0":{"start":{"line":1,"column":0},"end":{"line":1,"column":null}},"1":{"start":{"line":11,"column":7},"end":{"line":24,"column":null}},"2":{"start":{"line":12,"column":22},"end":{"line":12,"column":30}},"3":{"start":{"line":16,"column":16},"end":{"line":16,"column":60}},"4":{"start":{"line":17,"column":36},"end":{"line":17,"column":39}},"5":{"start":{"line":18,"column":4},"end":{"line":21,"column":6}},"6":{"start":{"line":22,"column":4},"end":{"line":22,"column":16}},"7":{"start":{"line":11,"column":13},"end":{"line":11,"column":21}},"8":{"start":{"line":11,"column":13},"end":{"line":24,"column":null}}},"fnMap":{"0":{"name":"(anonymous_2)","decl":{"start":{"line":12,"column":2},"end":{"line":12,"column":22}},"loc":{"start":{"line":12,"column":36},"end":{"line":12,"column":40}}},"1":{"name":"(anonymous_3)","decl":{"start":{"line":13,"column":2},"end":{"line":13,"column":13}},"loc":{"start":{"line":14,"column":29},"end":{"line":23,"column":3}}}},"branchMap":{},"s":{"0":1,"1":1,"2":1,"3":1,"4":1,"5":1,"6":1,"7":1,"8":1},"f":{"0":1,"1":1},"b":{}}
,"/Users/kev/Desktop/fan'sWorld Project/Back/src/core/logged/log.interceptor.ts": {"path":"/Users/kev/Desktop/fan'sWorld Project/Back/src/core/logged/log.interceptor.ts","statementMap":{"0":{"start":{"line":1,"column":0},"end":{"line":1,"column":null}},"1":{"start":{"line":12,"column":7},"end":{"line":23,"column":null}},"2":{"start":{"line":13,"column":22},"end":{"line":13,"column":30}},"3":{"start":{"line":15,"column":16},"end":{"line":15,"column":60}},"4":{"start":{"line":16,"column":36},"end":{"line":16,"column":39}},"5":{"start":{"line":17,"column":4},"end":{"line":20,"column":6}},"6":{"start":{"line":21,"column":4},"end":{"line":21,"column":25}},"7":{"start":{"line":12,"column":13},"end":{"line":12,"column":27}},"8":{"start":{"line":12,"column":13},"end":{"line":23,"column":null}}},"fnMap":{"0":{"name":"(anonymous_2)","decl":{"start":{"line":13,"column":2},"end":{"line":13,"column":22}},"loc":{"start":{"line":13,"column":36},"end":{"line":13,"column":40}}},"1":{"name":"(anonymous_3)","decl":{"start":{"line":14,"column":2},"end":{"line":14,"column":11}},"loc":{"start":{"line":14,"column":56},"end":{"line":22,"column":3}}}},"branchMap":{},"s":{"0":1,"1":1,"2":1,"3":1,"4":1,"5":1,"6":1,"7":1,"8":1},"f":{"0":1,"1":1},"b":{}}
,"/Users/kev/Desktop/fan'sWorld Project/Back/src/core/logged/log.middleware.ts": {"path":"/Users/kev/Desktop/fan'sWorld Project/Back/src/core/logged/log.middleware.ts","statementMap":{"0":{"start":{"line":1,"column":0},"end":{"line":1,"column":68}},"1":{"start":{"line":5,"column":7},"end":{"line":27,"column":null}},"2":{"start":{"line":6,"column":22},"end":{"line":6,"column":30}},"3":{"start":{"line":8,"column":36},"end":{"line":8,"column":39}},"4":{"start":{"line":9,"column":20},"end":{"line":9,"column":40}},"5":{"start":{"line":10,"column":4},"end":{"line":13,"column":6}},"6":{"start":{"line":15,"column":4},"end":{"line":23,"column":7}},"7":{"start":{"line":16,"column":29},"end":{"line":16,"column":32}},"8":{"start":{"line":17,"column":22},"end":{"line":17,"column":42}},"9":{"start":{"line":18,"column":23},"end":{"line":18,"column":40}},"10":{"start":{"line":19,"column":6},"end":{"line":22,"column":8}},"11":{"start":{"line":25,"column":4},"end":{"line":25,"column":11}},"12":{"start":{"line":5,"column":13},"end":{"line":5,"column":26}},"13":{"start":{"line":5,"column":13},"end":{"line":27,"column":null}}},"fnMap":{"0":{"name":"(anonymous_2)","decl":{"start":{"line":6,"column":2},"end":{"line":6,"column":22}},"loc":{"start":{"line":6,"column":36},"end":{"line":6,"column":40}}},"1":{"name":"(anonymous_3)","decl":{"start":{"line":7,"column":2},"end":{"line":7,"column":5}},"loc":{"start":{"line":7,"column":53},"end":{"line":26,"column":3}}},"2":{"name":"(anonymous_4)","decl":{"start":{"line":15,"column":21},"end":{"line":15,"column":24}},"loc":{"start":{"line":15,"column":26},"end":{"line":23,"column":5}}}},"branchMap":{},"s":{"0":1,"1":1,"2":1,"3":1,"4":1,"5":1,"6":1,"7":1,"8":1,"9":1,"10":1,"11":1,"12":1,"13":1},"f":{"0":1,"1":1,"2":1},"b":{}}
,"/Users/kev/Desktop/fan'sWorld Project/Back/src/prisma/prisma.service.ts": {"path":"/Users/kev/Desktop/fan'sWorld Project/Back/src/prisma/prisma.service.ts","statementMap":{"0":{"start":{"line":1,"column":0},"end":{"line":1,"column":58}},"1":{"start":{"line":2,"column":0},"end":{"line":2,"column":46}},"2":{"start":{"line":5,"column":7},"end":{"line":9,"column":null}},"3":{"start":{"line":7,"column":4},"end":{"line":7,"column":26}},"4":{"start":{"line":5,"column":13},"end":{"line":5,"column":26}},"5":{"start":{"line":5,"column":13},"end":{"line":9,"column":null}}},"fnMap":{"0":{"name":"(anonymous_1)","decl":{"start":{"line":6,"column":2},"end":{"line":6,"column":7}},"loc":{"start":{"line":6,"column":20},"end":{"line":8,"column":3}}}},"branchMap":{},"s":{"0":3,"1":3,"2":3,"3":0,"4":3,"5":3},"f":{"0":0},"b":{}}
,"/Users/kev/Desktop/fan'sWorld Project/Back/src/users/users.controller.ts": {"path":"/Users/kev/Desktop/fan'sWorld Project/Back/src/users/users.controller.ts","statementMap":{"0":{"start":{"line":1,"column":0},"end":{"line":1,"column":null}},"1":{"start":{"line":18,"column":0},"end":{"line":18,"column":62}},"2":{"start":{"line":19,"column":0},"end":{"line":19,"column":59}},"3":{"start":{"line":20,"column":0},"end":{"line":20,"column":59}},"4":{"start":{"line":22,"column":0},"end":{"line":22,"column":67}},"5":{"start":{"line":23,"column":0},"end":{"line":23,"column":47}},"6":{"start":{"line":24,"column":0},"end":{"line":24,"column":63}},"7":{"start":{"line":27,"column":7},"end":{"line":131,"column":null}},"8":{"start":{"line":29,"column":21},"end":{"line":29,"column":29}},"9":{"start":{"line":30,"column":21},"end":{"line":30,"column":35}},"10":{"start":{"line":31,"column":21},"end":{"line":31,"column":36}},"11":{"start":{"line":32,"column":21},"end":{"line":32,"column":35}},"12":{"start":{"line":37,"column":4},"end":{"line":37,"column":44}},"13":{"start":{"line":42,"column":4},"end":{"line":42,"column":45}},"14":{"start":{"line":59,"column":18},"end":{"line":59,"column":79}},"15":{"start":{"line":60,"column":33},"end":{"line":60,"column":37}},"16":{"start":{"line":62,"column":4},"end":{"line":80,"column":5}},"17":{"start":{"line":63,"column":33},"end":{"line":65,"column":null}},"18":{"start":{"line":67,"column":6},"end":{"line":79,"column":8}},"19":{"start":{"line":81,"column":4},"end":{"line":83,"column":5}},"20":{"start":{"line":82,"column":6},"end":{"line":82,"column":67}},"21":{"start":{"line":84,"column":4},"end":{"line":84,"column":58}},"22":{"start":{"line":89,"column":4},"end":{"line":89,"column":44}},"23":{"start":{"line":108,"column":32},"end":{"line":108,"column":45}},"24":{"start":{"line":109,"column":4},"end":{"line":111,"column":5}},"25":{"start":{"line":110,"column":6},"end":{"line":110,"column":71}},"26":{"start":{"line":113,"column":17},"end":{"line":113,"column":60}},"27":{"start":{"line":115,"column":4},"end":{"line":117,"column":5}},"28":{"start":{"line":116,"column":6},"end":{"line":116,"column":65}},"29":{"start":{"line":119,"column":4},"end":{"line":121,"column":5}},"30":{"start":{"line":120,"column":6},"end":{"line":120,"column":65}},"31":{"start":{"line":123,"column":4},"end":{"line":123,"column":65}},"32":{"start":{"line":128,"column":4},"end":{"line":128,"column":65}},"33":{"start":{"line":129,"column":4},"end":{"line":129,"column":46}},"34":{"start":{"line":27,"column":13},"end":{"line":27,"column":28}},"35":{"start":{"line":36,"column":2},"end":{"line":38,"column":null}},"36":{"start":{"line":41,"column":2},"end":{"line":43,"column":null}},"37":{"start":{"line":48,"column":8},"end":{"line":85,"column":null}},"38":{"start":{"line":88,"column":8},"end":{"line":90,"column":null}},"39":{"start":{"line":107,"column":8},"end":{"line":124,"column":null}},"40":{"start":{"line":127,"column":8},"end":{"line":130,"column":null}},"41":{"start":{"line":27,"column":13},"end":{"line":131,"column":null}}},"fnMap":{"0":{"name":"(anonymous_4)","decl":{"start":{"line":28,"column":2},"end":{"line":28,"column":null}},"loc":{"start":{"line":32,"column":47},"end":{"line":33,"column":6}}},"1":{"name":"(anonymous_5)","decl":{"start":{"line":36,"column":2},"end":{"line":36,"column":9}},"loc":{"start":{"line":36,"column":9},"end":{"line":38,"column":3}}},"2":{"name":"(anonymous_6)","decl":{"start":{"line":41,"column":2},"end":{"line":41,"column":9}},"loc":{"start":{"line":41,"column":33},"end":{"line":43,"column":3}}},"3":{"name":"(anonymous_7)","decl":{"start":{"line":48,"column":2},"end":{"line":48,"column":7}},"loc":{"start":{"line":57,"column":29},"end":{"line":85,"column":3}}},"4":{"name":"(anonymous_8)","decl":{"start":{"line":88,"column":2},"end":{"line":88,"column":7}},"loc":{"start":{"line":88,"column":38},"end":{"line":90,"column":3}}},"5":{"name":"(anonymous_9)","decl":{"start":{"line":107,"column":2},"end":{"line":107,"column":7}},"loc":{"start":{"line":107,"column":50},"end":{"line":124,"column":3}}},"6":{"name":"(anonymous_10)","decl":{"start":{"line":127,"column":2},"end":{"line":127,"column":7}},"loc":{"start":{"line":127,"column":42},"end":{"line":130,"column":3}}}},"branchMap":{"0":{"loc":{"start":{"line":59,"column":18},"end":{"line":59,"column":79}},"type":"binary-expr","locations":[{"start":{"line":59,"column":18},"end":{"line":59,"column":28}},{"start":{"line":59,"column":32},"end":{"line":59,"column":79}}]},"1":{"loc":{"start":{"line":62,"column":4},"end":{"line":80,"column":5}},"type":"if","locations":[{"start":{"line":62,"column":4},"end":{"line":80,"column":5}}]},"2":{"loc":{"start":{"line":81,"column":4},"end":{"line":83,"column":5}},"type":"if","locations":[{"start":{"line":81,"column":4},"end":{"line":83,"column":5}}]},"3":{"loc":{"start":{"line":109,"column":4},"end":{"line":111,"column":5}},"type":"if","locations":[{"start":{"line":109,"column":4},"end":{"line":111,"column":5}}]},"4":{"loc":{"start":{"line":109,"column":8},"end":{"line":109,"column":27}},"type":"binary-expr","locations":[{"start":{"line":109,"column":8},"end":{"line":109,"column":14}},{"start":{"line":109,"column":18},"end":{"line":109,"column":27}}]},"5":{"loc":{"start":{"line":115,"column":4},"end":{"line":117,"column":5}},"type":"if","locations":[{"start":{"line":115,"column":4},"end":{"line":117,"column":5}}]},"6":{"loc":{"start":{"line":119,"column":4},"end":{"line":121,"column":5}},"type":"if","locations":[{"start":{"line":119,"column":4},"end":{"line":121,"column":5}}]}},"s":{"0":1,"1":1,"2":1,"3":1,"4":1,"5":1,"6":1,"7":1,"8":2,"9":2,"10":2,"11":2,"12":1,"13":0,"14":0,"15":0,"16":0,"17":0,"18":0,"19":0,"20":0,"21":0,"22":0,"23":0,"24":0,"25":0,"26":0,"27":0,"28":0,"29":0,"30":0,"31":0,"32":0,"33":0,"34":1,"35":1,"36":1,"37":1,"38":1,"39":1,"40":1,"41":1},"f":{"0":2,"1":1,"2":0,"3":0,"4":0,"5":0,"6":0},"b":{"0":[0,0],"1":[0],"2":[0],"3":[0],"4":[0,0],"5":[0],"6":[0]}}
,"/Users/kev/Desktop/fan'sWorld Project/Back/src/users/users.service.ts": {"path":"/Users/kev/Desktop/fan'sWorld Project/Back/src/users/users.service.ts","statementMap":{"0":{"start":{"line":1,"column":0},"end":{"line":1,"column":71}},"1":{"start":{"line":2,"column":0},"end":{"line":2,"column":57}},"2":{"start":{"line":7,"column":15},"end":{"line":23,"column":2}},"3":{"start":{"line":26,"column":19},"end":{"line":51,"column":2}},"4":{"start":{"line":54,"column":7},"end":{"line":129,"column":null}},"5":{"start":{"line":56,"column":12},"end":{"line":56,"column":27}},"6":{"start":{"line":57,"column":21},"end":{"line":57,"column":29}},"7":{"start":{"line":61,"column":4},"end":{"line":61,"column":62}},"8":{"start":{"line":65,"column":17},"end":{"line":65,"column":70}},"9":{"start":{"line":66,"column":4},"end":{"line":68,"column":5}},"10":{"start":{"line":67,"column":6},"end":{"line":67,"column":66}},"11":{"start":{"line":69,"column":4},"end":{"line":69,"column":16}},"12":{"start":{"line":73,"column":4},"end":{"line":73,"column":52}},"13":{"start":{"line":77,"column":4},"end":{"line":95,"column":5}},"14":{"start":{"line":78,"column":6},"end":{"line":92,"column":9}},"15":{"start":{"line":94,"column":6},"end":{"line":94,"column":64}},"16":{"start":{"line":99,"column":4},"end":{"line":114,"column":5}},"17":{"start":{"line":100,"column":27},"end":{"line":102,"column":8}},"18":{"start":{"line":103,"column":25},"end":{"line":106,"column":8}},"19":{"start":{"line":107,"column":26},"end":{"line":110,"column":8}},"20":{"start":{"line":111,"column":6},"end":{"line":111,"column":28}},"21":{"start":{"line":113,"column":6},"end":{"line":113,"column":58}},"22":{"start":{"line":118,"column":19},"end":{"line":125,"column":6}},"23":{"start":{"line":127,"column":4},"end":{"line":127,"column":18}},"24":{"start":{"line":54,"column":13},"end":{"line":54,"column":25}},"25":{"start":{"line":54,"column":13},"end":{"line":129,"column":null}}},"fnMap":{"0":{"name":"(anonymous_2)","decl":{"start":{"line":55,"column":2},"end":{"line":55,"column":null}},"loc":{"start":{"line":57,"column":35},"end":{"line":58,"column":6}}},"1":{"name":"(anonymous_3)","decl":{"start":{"line":60,"column":2},"end":{"line":60,"column":7}},"loc":{"start":{"line":60,"column":20},"end":{"line":62,"column":3}}},"2":{"name":"(anonymous_4)","decl":{"start":{"line":64,"column":2},"end":{"line":64,"column":7}},"loc":{"start":{"line":64,"column":30},"end":{"line":70,"column":3}}},"3":{"name":"(anonymous_5)","decl":{"start":{"line":72,"column":2},"end":{"line":72,"column":7}},"loc":{"start":{"line":72,"column":38},"end":{"line":74,"column":3}}},"4":{"name":"(anonymous_6)","decl":{"start":{"line":76,"column":2},"end":{"line":76,"column":7}},"loc":{"start":{"line":76,"column":75},"end":{"line":96,"column":3}}},"5":{"name":"(anonymous_7)","decl":{"start":{"line":98,"column":2},"end":{"line":98,"column":7}},"loc":{"start":{"line":98,"column":29},"end":{"line":115,"column":3}}},"6":{"name":"(anonymous_8)","decl":{"start":{"line":117,"column":2},"end":{"line":117,"column":7}},"loc":{"start":{"line":117,"column":34},"end":{"line":128,"column":3}}}},"branchMap":{"0":{"loc":{"start":{"line":66,"column":4},"end":{"line":68,"column":5}},"type":"if","locations":[{"start":{"line":66,"column":4},"end":{"line":68,"column":5}}]},"1":{"loc":{"start":{"line":82,"column":18},"end":{"line":89,"column":16}},"type":"cond-expr","locations":[{"start":{"line":83,"column":14},"end":{"line":88,"column":null}},{"start":{"line":89,"column":14},"end":{"line":89,"column":16}}]}},"s":{"0":2,"1":2,"2":2,"3":2,"4":2,"5":11,"6":11,"7":1,"8":2,"9":2,"10":1,"11":1,"12":1,"13":3,"14":3,"15":1,"16":2,"17":2,"18":2,"19":2,"20":1,"21":1,"22":1,"23":1,"24":2,"25":2},"f":{"0":11,"1":1,"2":2,"3":1,"4":3,"5":2,"6":1},"b":{"0":[1],"1":[1,2]}}
}
