TN:
SF:src/app.controller.ts
FN:6,(anonymous_2)
FN:9,(anonymous_3)
FNF:2
FNH:2
FNDA:1,(anonymous_2)
FNDA:1,(anonymous_3)
DA:1,1
DA:2,1
DA:5,1
DA:6,1
DA:9,1
DA:10,1
LF:6
LH:6
BRF:0
BRH:0
end_of_record
TN:
SF:src/app.service.ts
FN:5,(anonymous_1)
FNF:1
FNH:1
FNDA:1,(anonymous_1)
DA:1,1
DA:4,1
DA:6,1
LF:3
LH:3
BRF:0
BRH:0
end_of_record
TN:
SF:src/clubs/clubs.controller.ts
FNF:0
FNH:0
DA:1,1
DA:4,1
LF:2
LH:2
BRF:0
BRH:0
end_of_record
TN:
SF:src/clubs/clubs.service.ts
FNF:0
FNH:0
DA:1,1
DA:4,1
LF:2
LH:2
BRF:0
BRH:0
end_of_record
TN:
SF:src/core/auth/creator/creator.guard.ts
FN:14,(anonymous_4)
FN:22,(anonymous_5)
FNF:2
FNH:2
FNDA:1,(anonymous_4)
FNDA:3,(anonymous_5)
DA:1,1
DA:9,1
DA:13,1
DA:15,1
DA:16,1
DA:17,1
DA:19,1
DA:23,3
DA:25,3
DA:26,1
DA:29,2
DA:31,2
DA:32,2
DA:33,2
DA:37,2
DA:39,2
DA:40,1
DA:43,1
LF:18
LH:18
BRDA:25,0,0,1
BRDA:39,1,0,1
BRF:2
BRH:2
end_of_record
TN:
SF:src/core/auth/logged/logged.guard.ts
FN:13,(anonymous_2)
FN:18,(anonymous_3)
FNF:2
FNH:2
FNDA:1,(anonymous_2)
FNDA:3,(anonymous_3)
DA:1,2
DA:9,2
DA:12,2
DA:14,1
DA:15,1
DA:19,3
DA:20,3
DA:21,3
DA:22,1
DA:24,2
DA:25,2
DA:26,2
DA:27,1
DA:29,1
LF:14
LH:14
BRDA:21,0,0,1
BRF:1
BRH:1
end_of_record
TN:
SF:src/core/crypto/crypto.service.ts
FN:17,(anonymous_1)
FN:21,(anonymous_2)
FN:25,(anonymous_3)
FN:35,(anonymous_4)
FNF:4
FNH:3
FNDA:1,(anonymous_1)
FNDA:1,(anonymous_2)
FNDA:2,(anonymous_3)
FNDA:0,(anonymous_4)
DA:1,3
DA:4,3
DA:13,3
DA:18,1
DA:22,1
DA:26,2
DA:27,2
DA:28,2
DA:31,0
DA:32,0
DA:36,0
LF:11
LH:8
BRF:0
BRH:0
end_of_record
TN:
SF:src/core/files/files.service.ts
FN:6,(anonymous_1)
FN:20,(anonymous_2)
FN:22,(anonymous_3)
FNF:3
FNH:3
FNDA:2,(anonymous_1)
FNDA:2,(anonymous_2)
FNDA:2,(anonymous_3)
DA:1,2
DA:2,2
DA:5,2
DA:10,2
DA:20,2
DA:21,2
DA:23,2
DA:24,1
LF:8
LH:8
BRDA:23,0,0,1
BRDA:23,1,0,2
BRDA:23,1,1,1
BRF:3
BRH:3
end_of_record
TN:
SF:src/core/logged/log.guard.ts
FN:12,(anonymous_2)
FN:13,(anonymous_3)
FNF:2
FNH:2
FNDA:1,(anonymous_2)
FNDA:1,(anonymous_3)
DA:1,1
DA:11,1
DA:12,1
DA:16,1
DA:17,1
DA:18,1
DA:22,1
LF:7
LH:7
BRF:0
BRH:0
end_of_record
TN:
SF:src/core/logged/log.interceptor.ts
FN:13,(anonymous_2)
FN:14,(anonymous_3)
FNF:2
FNH:2
FNDA:1,(anonymous_2)
FNDA:1,(anonymous_3)
DA:1,1
DA:12,1
DA:13,1
DA:15,1
DA:16,1
DA:17,1
DA:21,1
LF:7
LH:7
BRF:0
BRH:0
end_of_record
TN:
SF:src/core/logged/log.middleware.ts
FN:6,(anonymous_2)
FN:7,(anonymous_3)
FN:15,(anonymous_4)
FNF:3
FNH:3
FNDA:1,(anonymous_2)
FNDA:1,(anonymous_3)
FNDA:1,(anonymous_4)
DA:1,1
DA:5,1
DA:6,1
DA:8,1
DA:9,1
DA:10,1
DA:15,1
DA:16,1
DA:17,1
DA:18,1
DA:19,1
DA:25,1
LF:12
LH:12
BRF:0
BRH:0
end_of_record
TN:
SF:src/prisma/prisma.service.ts
FN:6,(anonymous_1)
FNF:1
FNH:0
FNDA:0,(anonymous_1)
DA:1,3
DA:2,3
DA:5,3
DA:7,0
LF:4
LH:3
BRF:0
BRH:0
end_of_record
TN:
SF:src/users/users.controller.ts
FN:28,(anonymous_4)
FN:36,(anonymous_5)
FN:41,(anonymous_6)
FN:48,(anonymous_7)
FN:88,(anonymous_8)
FN:107,(anonymous_9)
FN:127,(anonymous_10)
FNF:7
FNH:2
FNDA:2,(anonymous_4)
FNDA:1,(anonymous_5)
FNDA:0,(anonymous_6)
FNDA:0,(anonymous_7)
FNDA:0,(anonymous_8)
FNDA:0,(anonymous_9)
FNDA:0,(anonymous_10)
DA:1,1
DA:18,1
DA:19,1
DA:20,1
DA:22,1
DA:23,1
DA:24,1
DA:27,1
DA:29,2
DA:30,2
DA:31,2
DA:32,2
DA:36,1
DA:37,1
DA:41,1
DA:42,0
DA:48,1
DA:59,0
DA:60,0
DA:62,0
DA:63,0
DA:67,0
DA:81,0
DA:82,0
DA:84,0
DA:88,1
DA:89,0
DA:107,1
DA:108,0
DA:109,0
DA:110,0
DA:113,0
DA:115,0
DA:116,0
DA:119,0
DA:120,0
DA:123,0
DA:127,1
DA:128,0
DA:129,0
LF:40
LH:19
BRDA:59,0,0,0
BRDA:59,0,1,0
BRDA:62,1,0,0
BRDA:81,2,0,0
BRDA:109,3,0,0
BRDA:109,4,0,0
BRDA:109,4,1,0
BRDA:115,5,0,0
BRDA:119,6,0,0
BRF:9
BRH:0
end_of_record
TN:
SF:src/users/users.service.ts
FN:55,(anonymous_2)
FN:60,(anonymous_3)
FN:64,(anonymous_4)
FN:72,(anonymous_5)
FN:76,(anonymous_6)
FN:98,(anonymous_7)
FN:117,(anonymous_8)
FNF:7
FNH:7
FNDA:11,(anonymous_2)
FNDA:1,(anonymous_3)
FNDA:2,(anonymous_4)
FNDA:1,(anonymous_5)
FNDA:3,(anonymous_6)
FNDA:2,(anonymous_7)
FNDA:1,(anonymous_8)
DA:1,2
DA:2,2
DA:7,2
DA:26,2
DA:54,2
DA:56,11
DA:57,11
DA:61,1
DA:65,2
DA:66,2
DA:67,1
DA:69,1
DA:73,1
DA:77,3
DA:78,3
DA:94,1
DA:99,2
DA:100,2
DA:103,2
DA:107,2
DA:111,1
DA:113,1
DA:118,1
DA:127,1
LF:24
LH:24
BRDA:66,0,0,1
BRDA:82,1,0,1
BRDA:82,1,1,2
BRF:3
BRH:3
end_of_record
